<?xml version="1.0" encoding="UTF-8"?>
<!-- Generated by org.testng.reporters.JUnitXMLReporter -->
<testsuite ignored="0" hostname="Nileshs-MacBook-Pro.local" failures="1" tests="2" name="Test" time="100.615" errors="0" timestamp="08 Aug 2023 08:28:09 GMT">
  <testcase classname="com.pCloudy.testNG.Runner" name="FailTheTest" time="3.525">
    <failure type="org.openqa.selenium.NoSuchElementException" message="An element could not be located on the page using the given search parameters.
For documentation on this error, please visit: https://www.seleniumhq.org/exceptions/no_such_element.html
Build info: version: &amp;apos;3.141.59&amp;apos;, revision: &amp;apos;e82be7d358&amp;apos;, time: &amp;apos;2018-11-14T08:17:03&amp;apos;
System info: host: &amp;apos;Nileshs-MacBook-Pro.local&amp;apos;, ip: &amp;apos;fe80:0:0:0:14c7:3e94:ebe4:ab8e%en0&amp;apos;, os.name: &amp;apos;Mac OS X&amp;apos;, os.arch: &amp;apos;x86_64&amp;apos;, os.version: &amp;apos;12.2.1&amp;apos;, java.version: &amp;apos;17.0.3&amp;apos;
Driver info: io.appium.java_client.android.AndroidDriver
Capabilities {app: /opt/raid-data/data/user/12..., appActivity: com.ba.mobile.LaunchActivity, appPackage: com.pcloudy.appiumdemo, automationName: uiautomator2, build: Build_600, databaseEnabled: false, desired: {app: /opt/raid-data/data/user/12..., appActivity: com.ba.mobile.LaunchActivity, appPackage: com.pcloudy.appiumdemo, automationName: uiautomator2, build: Build_600, deviceName: 566, launchTimeout: 90000, name: FailTheTest, newCommandTimeout: 600, pCloudy_ApiKey: js45jq5c4wf22jmb9628wsm8, pCloudy_ApplicationName: pCloudy_Appium_Demo-1666933..., pCloudy_DeviceManafacturer: Motorola, pCloudy_DurationInMinutes: 10, pCloudy_EnableDeviceLogs: true, pCloudy_EnablePerformanceData: true, pCloudy_EnableVideo: true, pCloudy_Username: nilesh.tarale@sstsinc.com, platformName: android, platformVersion: 12, project: Prtesting_webapp, systemPort: 30184, tag: Android}, deviceApiLevel: 31, deviceManufacturer: motorola, deviceModel: moto g51 5G, deviceName: ZD2223LQDC, deviceScreenDensity: 400, deviceScreenSize: 1080x2460, deviceUDID: ZD2223LQDC, javascriptEnabled: true, launchTimeout: 90000, locationContextEnabled: false, name: FailTheTest, networkConnectionEnabled: true, newCommandTimeout: 600, pCloudy_ApiKey: js45jq5c4wf22jmb9628wsm8, pCloudy_ApplicationName: pCloudy_Appium_Demo-1666933..., pCloudy_DeviceManafacturer: Motorola, pCloudy_DurationInMinutes: 10, pCloudy_EnableDeviceLogs: true, pCloudy_EnablePerformanceData: true, pCloudy_EnableVideo: true, pCloudy_Username: nilesh.tarale@sstsinc.com, pixelRatio: 2.5, platform: LINUX, platformName: Android, platformVersion: 12, project: Prtesting_webapp, statBarHeight: 115, systemPort: 30184, tag: Android, takesScreenshot: true, viewportRect: {height: 2110, left: 0, top: 115, width: 1080}, warnings: {}, webStorageEnabled: false}
Session ID: 7f5bd771-f042-4eea-81c7-da830abcd4de
*** Element info: {Using=xpath, value=//android.widget.Button[@resource-id=&amp;apos;com.pcloudy.appiumdemo:id/flightButton1&amp;apos;]}">
      <![CDATA[org.openqa.selenium.NoSuchElementException: An element could not be located on the page using the given search parameters.
For documentation on this error, please visit: https://www.seleniumhq.org/exceptions/no_such_element.html
Build info: version: '3.141.59', revision: 'e82be7d358', time: '2018-11-14T08:17:03'
System info: host: 'Nileshs-MacBook-Pro.local', ip: 'fe80:0:0:0:14c7:3e94:ebe4:ab8e%en0', os.name: 'Mac OS X', os.arch: 'x86_64', os.version: '12.2.1', java.version: '17.0.3'
Driver info: io.appium.java_client.android.AndroidDriver
Capabilities {app: /opt/raid-data/data/user/12..., appActivity: com.ba.mobile.LaunchActivity, appPackage: com.pcloudy.appiumdemo, automationName: uiautomator2, build: Build_600, databaseEnabled: false, desired: {app: /opt/raid-data/data/user/12..., appActivity: com.ba.mobile.LaunchActivity, appPackage: com.pcloudy.appiumdemo, automationName: uiautomator2, build: Build_600, deviceName: 566, launchTimeout: 90000, name: FailTheTest, newCommandTimeout: 600, pCloudy_ApiKey: js45jq5c4wf22jmb9628wsm8, pCloudy_ApplicationName: pCloudy_Appium_Demo-1666933..., pCloudy_DeviceManafacturer: Motorola, pCloudy_DurationInMinutes: 10, pCloudy_EnableDeviceLogs: true, pCloudy_EnablePerformanceData: true, pCloudy_EnableVideo: true, pCloudy_Username: nilesh.tarale@sstsinc.com, platformName: android, platformVersion: 12, project: Prtesting_webapp, systemPort: 30184, tag: Android}, deviceApiLevel: 31, deviceManufacturer: motorola, deviceModel: moto g51 5G, deviceName: ZD2223LQDC, deviceScreenDensity: 400, deviceScreenSize: 1080x2460, deviceUDID: ZD2223LQDC, javascriptEnabled: true, launchTimeout: 90000, locationContextEnabled: false, name: FailTheTest, networkConnectionEnabled: true, newCommandTimeout: 600, pCloudy_ApiKey: js45jq5c4wf22jmb9628wsm8, pCloudy_ApplicationName: pCloudy_Appium_Demo-1666933..., pCloudy_DeviceManafacturer: Motorola, pCloudy_DurationInMinutes: 10, pCloudy_EnableDeviceLogs: true, pCloudy_EnablePerformanceData: true, pCloudy_EnableVideo: true, pCloudy_Username: nilesh.tarale@sstsinc.com, pixelRatio: 2.5, platform: LINUX, platformName: Android, platformVersion: 12, project: Prtesting_webapp, statBarHeight: 115, systemPort: 30184, tag: Android, takesScreenshot: true, viewportRect: {height: 2110, left: 0, top: 115, width: 1080}, warnings: {}, webStorageEnabled: false}
Session ID: 7f5bd771-f042-4eea-81c7-da830abcd4de
*** Element info: {Using=xpath, value=//android.widget.Button[@resource-id='com.pcloudy.appiumdemo:id/flightButton1']}
	at org.openqa.selenium.remote.http.W3CHttpResponseCodec.createException(W3CHttpResponseCodec.java:187)
	at org.openqa.selenium.remote.http.W3CHttpResponseCodec.decode(W3CHttpResponseCodec.java:122)
	at org.openqa.selenium.remote.http.W3CHttpResponseCodec.decode(W3CHttpResponseCodec.java:49)
	at org.openqa.selenium.remote.HttpCommandExecutor.execute(HttpCommandExecutor.java:158)
	at io.appium.java_client.remote.AppiumCommandExecutor.execute(AppiumCommandExecutor.java:239)
	at org.openqa.selenium.remote.RemoteWebDriver.execute(RemoteWebDriver.java:552)
	at io.appium.java_client.DefaultGenericMobileDriver.execute(DefaultGenericMobileDriver.java:41)
	at io.appium.java_client.AppiumDriver.execute(AppiumDriver.java:1)
	at io.appium.java_client.android.AndroidDriver.execute(AndroidDriver.java:1)
	at org.openqa.selenium.remote.RemoteWebDriver.findElement(RemoteWebDriver.java:323)
	at io.appium.java_client.DefaultGenericMobileDriver.findElement(DefaultGenericMobileDriver.java:61)
	at io.appium.java_client.AppiumDriver.findElement(AppiumDriver.java:1)
	at io.appium.java_client.android.AndroidDriver.findElement(AndroidDriver.java:1)
	at org.openqa.selenium.remote.RemoteWebDriver.findElementByXPath(RemoteWebDriver.java:428)
	at io.appium.java_client.DefaultGenericMobileDriver.findElementByXPath(DefaultGenericMobileDriver.java:151)
	at io.appium.java_client.AppiumDriver.findElementByXPath(AppiumDriver.java:1)
	at io.appium.java_client.android.AndroidDriver.findElementByXPath(AndroidDriver.java:1)
	at org.openqa.selenium.By$ByXPath.findElement(By.java:353)
	at org.openqa.selenium.remote.RemoteWebDriver.findElement(RemoteWebDriver.java:315)
	at io.appium.java_client.DefaultGenericMobileDriver.findElement(DefaultGenericMobileDriver.java:57)
	at io.appium.java_client.AppiumDriver.findElement(AppiumDriver.java:1)
	at io.appium.java_client.android.AndroidDriver.findElement(AndroidDriver.java:1)
	at com.pCloudy.testNG.Runner.FailTheTest(Runner.java:118)
	at java.base/java.util.concurrent.FutureTask.run(FutureTask.java:264)
	at java.base/java.util.concurrent.ThreadPoolExecutor.runWorker(ThreadPoolExecutor.java:1136)
	at java.base/java.util.concurrent.ThreadPoolExecutor$Worker.run(ThreadPoolExecutor.java:635)
	at java.base/java.lang.Thread.run(Thread.java:833)
... Removed 21 stack frames]]>
    </failure>
  </testcase> <!-- FailTheTest -->
  <testcase classname="com.pCloudy.testNG.Runner" name="SearchFlight" time="24.933"/>
</testsuite> <!-- Test -->
