<?xml version="1.0" encoding="UTF-8"?>
<testsuite xmlns:xsi="http://www.w3.org/2001/XMLSchema-instance" xsi:noNamespaceSchemaLocation="https://maven.apache.org/surefire/maven-surefire-plugin/xsd/surefire-test-report.xsd" name="TestSuite" time="63.085" tests="2" errors="0" skipped="0" failures="1">
  <properties>
[...]
</properties>
  <testcase name="Test" classname="com.pCloudy.testNG.Runner" time="2.492">
    <failure message="An element could not be located on the page using the given search parameters.&#10;For documentation on this error, please visit: https://www.seleniumhq.org/exceptions/no_such_element.html&#10;Build info: version: &apos;3.141.59&apos;, revision: &apos;e82be7d358&apos;, time: &apos;2018-11-14T08:17:03&apos;&#10;System info: host: &apos;Nileshs-MacBook-Pro.local&apos;, ip: &apos;fe80:0:0:0:1083:2cce:6530:8466%en0&apos;, os.name: &apos;Mac OS X&apos;, os.arch: &apos;aarch64&apos;, os.version: &apos;12.2.1&apos;, java.version: &apos;18.0.1.1&apos;&#10;Driver info: io.appium.java_client.android.AndroidDriver&#10;Capabilities {app: /opt/build/raid-data/data/u..., appActivity: com.ba.mobile.LaunchActivity, appPackage: com.pcloudy.appiumdemo, automationName: uiautomator2, databaseEnabled: false, desired: {app: /opt/build/raid-data/data/u..., appActivity: com.ba.mobile.LaunchActivity, appPackage: com.pcloudy.appiumdemo, automationName: uiautomator2, deviceName: 614, launchTimeout: 90000, newCommandTimeout: 600, pCloudy_ApiKey: js45jq5c4wf22jmb9628wsm8, pCloudy_ApplicationName: pCloudyAppiumDemo.apk, pCloudy_DeviceManafacturer: Oneplus, pCloudy_DurationInMinutes: 10, pCloudy_Username: nilesh.tarale@sstsinc.com, platformName: android, platformVersion: 10, systemPort: 30274}, deviceApiLevel: 29, deviceManufacturer: OnePlus, deviceModel: ONEPLUS A6000, deviceName: e3ac821, deviceScreenDensity: 420, deviceScreenSize: 1080x2280, deviceUDID: e3ac821, javascriptEnabled: true, launchTimeout: 90000, locationContextEnabled: false, networkConnectionEnabled: true, newCommandTimeout: 600, pCloudy_ApiKey: js45jq5c4wf22jmb9628wsm8, pCloudy_ApplicationName: pCloudyAppiumDemo.apk, pCloudy_DeviceManafacturer: Oneplus, pCloudy_DurationInMinutes: 10, pCloudy_Username: nilesh.tarale@sstsinc.com, pixelRatio: 2.625, platform: LINUX, platformName: Android, platformVersion: 10, statBarHeight: 80, systemPort: 30274, takesScreenshot: true, viewportRect: {height: 1995, left: 0, top: 80, width: 1080}, warnings: {}, webStorageEnabled: false}&#10;Session ID: 729406f2-2e91-4c58-9d5f-a43a3bf0219a&#10;*** Element info: {Using=xpath, value=//android.widget.Button[@resource-id=&apos;com.pcloudy.appiumdemo:id/flightButton&apos;]}" type="org.openqa.selenium.NoSuchElementException">org.openqa.selenium.NoSuchElementException: 
An element could not be located on the page using the given search parameters.
For documentation on this error, please visit: https://www.seleniumhq.org/exceptions/no_such_element.html
Build info: version: '3.141.59', revision: 'e82be7d358', time: '2018-11-14T08:17:03'
System info: host: 'Nileshs-MacBook-Pro.local', ip: 'fe80:0:0:0:1083:2cce:6530:8466%en0', os.name: 'Mac OS X', os.arch: 'aarch64', os.version: '12.2.1', java.version: '18.0.1.1'
Driver info: io.appium.java_client.android.AndroidDriver
Capabilities {app: /opt/build/raid-data/data/u..., appActivity: com.ba.mobile.LaunchActivity, appPackage: com.pcloudy.appiumdemo, automationName: uiautomator2, databaseEnabled: false, desired: {app: /opt/build/raid-data/data/u..., appActivity: com.ba.mobile.LaunchActivity, appPackage: com.pcloudy.appiumdemo, automationName: uiautomator2, deviceName: 614, launchTimeout: 90000, newCommandTimeout: 600, pCloudy_ApiKey: js45jq5c4wf22jmb9628wsm8, pCloudy_ApplicationName: pCloudyAppiumDemo.apk, pCloudy_DeviceManafacturer: Oneplus, pCloudy_DurationInMinutes: 10, pCloudy_Username: nilesh.tarale@sstsinc.com, platformName: android, platformVersion: 10, systemPort: 30274}, deviceApiLevel: 29, deviceManufacturer: OnePlus, deviceModel: ONEPLUS A6000, deviceName: e3ac821, deviceScreenDensity: 420, deviceScreenSize: 1080x2280, deviceUDID: e3ac821, javascriptEnabled: true, launchTimeout: 90000, locationContextEnabled: false, networkConnectionEnabled: true, newCommandTimeout: 600, pCloudy_ApiKey: js45jq5c4wf22jmb9628wsm8, pCloudy_ApplicationName: pCloudyAppiumDemo.apk, pCloudy_DeviceManafacturer: Oneplus, pCloudy_DurationInMinutes: 10, pCloudy_Username: nilesh.tarale@sstsinc.com, pixelRatio: 2.625, platform: LINUX, platformName: Android, platformVersion: 10, statBarHeight: 80, systemPort: 30274, takesScreenshot: true, viewportRect: {height: 1995, left: 0, top: 80, width: 1080}, warnings: {}, webStorageEnabled: false}
Session ID: 729406f2-2e91-4c58-9d5f-a43a3bf0219a
*** Element info: {Using=xpath, value=//android.widget.Button[@resource-id='com.pcloudy.appiumdemo:id/flightButton']}
	at com.pCloudy.testNG.Runner.Test(Runner.java:66)
</failure>
    <system-err><![CDATA[June 28, 2022 7:46:18 PM io.appium.java_client.remote.AppiumCommandExecutor$1 lambda$0
INFO: Detected dialect: W3C
]]></system-err>
  </testcase>
  <testcase name="Test" classname="com.pCloudy.testNG.Runner" time="22.786"/>
</testsuite>